WARNING:tweepy.api:Rate limit reached. Sleeping for: 731
INFO:root:No tweets found for the date range: 2023-02-22 to 2023-02-23
INFO:root:No tweets found for the date range: 2023-02-23 to 2023-02-24
INFO:root:No tweets found for the date range: 2023-02-24 to 2023-02-25
INFO:root:No tweets found for the date range: 2023-02-25 to 2023-02-26
INFO:root:No tweets found for the date range: 2023-02-26 to 2023-02-27
INFO:root:No tweets found for the date range: 2023-02-27 to 2023-02-28
INFO:root:No tweets found for the date range: 2023-02-28 to 2023-03-01
INFO:root:No tweets found for the date range: 2023-03-01 to 2023-03-02
INFO:root:No tweets found for the date range: 2023-03-02 to 2023-03-03
INFO:root:No tweets found for the date range: 2023-03-03 to 2023-03-04
INFO:root:No tweets found for the date range: 2023-03-04 to 2023-03-05
INFO:root:No tweets found for the date range: 2023-03-05 to 2023-03-06
INFO:root:No tweets found for the date range: 2023-03-06 to 2023-03-07
INFO:root:No tweets found for the date range: 2023-03-07 to 2023-03-08
INFO:root:No tweets found for the date range: 2023-03-08 to 2023-03-09
INFO:root:No tweets found for the date range: 2023-03-09 to 2023-03-10
INFO:root:No tweets found for the date range: 2023-03-10 to 2023-03-11
INFO:root:No tweets found for the date range: 2023-03-11 to 2023-03-12
INFO:root:No tweets found for the date range: 2023-03-12 to 2023-03-13
INFO:root:No tweets found for the date range: 2023-03-13 to 2023-03-14
INFO:root:No tweets found for the date range: 2023-03-14 to 2023-03-15
INFO:root:No tweets found for the date range: 2023-03-15 to 2023-03-16
INFO:root:No tweets found for the date range: 2023-03-16 to 2023-03-17
INFO:root:No tweets found for the date range: 2023-03-17 to 2023-03-18
INFO:root:No tweets found for the date range: 2023-03-18 to 2023-03-19
INFO:root:No tweets found for the date range: 2023-03-19 to 2023-03-20
INFO:root:No tweets found for the date range: 2023-03-20 to 2023-03-21
INFO:root:No tweets found for the date range: 2023-03-21 to 2023-03-22
INFO:root:No tweets found for the date range: 2023-03-22 to 2023-03-23
INFO:root:No tweets found for the date range: 2023-03-23 to 2023-03-24
INFO:root:No tweets found for the date range: 2023-03-24 to 2023-03-25
INFO:root:No tweets found for the date range: 2023-03-25 to 2023-03-26
INFO:root:No tweets found for the date range: 2023-03-26 to 2023-03-27
INFO:root:No tweets found for the date range: 2023-03-27 to 2023-03-28
INFO:root:No tweets found for the date range: 2023-03-28 to 2023-03-29
INFO:root:No tweets found for the date range: 2023-03-29 to 2023-03-30
INFO:root:No tweets found for the date range: 2023-03-30 to 2023-03-31
INFO:root:No tweets found for the date range: 2023-03-31 to 2023-04-01
INFO:root:No tweets found for the date range: 2023-04-01 to 2023-04-02
INFO:root:No tweets found for the date range: 2023-04-02 to 2023-04-03
INFO:root:No tweets found for the date range: 2023-04-03 to 2023-04-04
INFO:root:No tweets found for the date range: 2023-04-04 to 2023-04-05
INFO:root:No tweets found for the date range: 2023-04-05 to 2023-04-06
INFO:root:No tweets found for the date range: 2023-04-06 to 2023-04-07
INFO:root:No tweets found for the date range: 2023-04-07 to 2023-04-08
INFO:root:No tweets found for the date range: 2023-04-08 to 2023-04-09
INFO:root:No tweets found for the date range: 2023-04-09 to 2023-04-10
INFO:root:No tweets found for the date range: 2023-04-10 to 2023-04-11
INFO:root:No tweets found for the date range: 2023-04-11 to 2023-04-12
INFO:root:No tweets found for the date range: 2023-04-12 to 2023-04-13
INFO:root:No tweets found for the date range: 2023-04-13 to 2023-04-14
INFO:root:No tweets found for the date range: 2023-04-14 to 2023-04-15
INFO:root:No tweets found for the date range: 2023-04-15 to 2023-04-16
INFO:root:No tweets found for the date range: 2023-04-16 to 2023-04-17
INFO:root:No tweets found for the date range: 2023-04-17 to 2023-04-18
INFO:root:No tweets found for the date range: 2023-04-18 to 2023-04-19
INFO:root:No tweets found for the date range: 2023-04-19 to 2023-04-20
INFO:root:No tweets found for the date range: 2023-04-20 to 2023-04-21
INFO:root:No tweets found for the date range: 2023-04-21 to 2023-04-22
INFO:root:No tweets found for the date range: 2023-04-22 to 2023-04-23
INFO:root:No tweets found for the date range: 2023-04-23 to 2023-04-24
INFO:root:No tweets found for the date range: 2023-04-24 to 2023-04-25
INFO:root:No tweets found for the date range: 2023-04-25 to 2023-04-26
INFO:root:No tweets found for the date range: 2023-04-26 to 2023-04-27
INFO:root:No tweets found for the date range: 2023-04-27 to 2023-04-28
INFO:root:No tweets found for the date range: 2023-04-28 to 2023-04-29
INFO:root:No tweets found for the date range: 2023-04-29 to 2023-04-30
INFO:root:No tweets found for the date range: 2023-04-30 to 2023-05-01
INFO:root:No tweets found for the date range: 2023-05-01 to 2023-05-02
INFO:root:No tweets found for the date range: 2023-05-02 to 2023-05-03
INFO:root:No tweets found for the date range: 2023-05-03 to 2023-05-04
INFO:root:No tweets found for the date range: 2023-05-04 to 2023-05-05
INFO:root:No tweets found for the date range: 2023-05-05 to 2023-05-06
INFO:root:No tweets found for the date range: 2023-05-06 to 2023-05-07
INFO:root:No tweets found for the date range: 2023-05-07 to 2023-05-08
INFO:root:No tweets found for the date range: 2023-05-08 to 2023-05-09
INFO:root:No tweets found for the date range: 2023-05-09 to 2023-05-10
INFO:root:No tweets found for the date range: 2023-05-10 to 2023-05-11
INFO:root:No tweets found for the date range: 2023-05-11 to 2023-05-12
INFO:root:No tweets found for the date range: 2023-05-12 to 2023-05-13
INFO:root:No tweets found for the date range: 2023-05-13 to 2023-05-14
INFO:root:Tweets downloaded successfully for the date range: 2023-05-14 to 2023-05-15
INFO:root:New CSV file created with the downloaded tweets.
INFO:root:Tweets downloaded successfully for the date range: 2023-05-15 to 2023-05-16
INFO:root:Tweets appended to the existing CSV file.
WARNING:tweepy.api:Rate limit reached. Sleeping for: 847
WARNING:tweepy.api:Rate limit reached. Sleeping for: 839
INFO:root:Tweets downloaded successfully for the date range: 2023-05-16 to 2023-05-17
INFO:root:Tweets appended to the existing CSV file.
WARNING:tweepy.api:Rate limit reached. Sleeping for: 829
INFO:root:Tweets downloaded successfully for the date range: 2023-05-17 to 2023-05-18
INFO:root:Tweets appended to the existing CSV file.
WARNING:tweepy.api:Rate limit reached. Sleeping for: 817
INFO:root:Tweets downloaded successfully for the date range: 2023-05-18 to 2023-05-19
INFO:root:Tweets appended to the existing CSV file.
INFO:root:Tweets downloaded successfully for the date range: 2023-05-19 to 2023-05-20
INFO:root:Tweets appended to the existing CSV file.
WARNING:tweepy.api:Rate limit reached. Sleeping for: 832
INFO:root:Tweets downloaded successfully for the date range: 2023-05-20 to 2023-05-21
INFO:root:Tweets appended to the existing CSV file.
WARNING:tweepy.api:Rate limit reached. Sleeping for: 797
INFO:root:Tweets downloaded successfully for the date range: 2023-05-21 to 2023-05-22
INFO:root:Tweets appended to the existing CSV file.
WARNING:tweepy.api:Rate limit reached. Sleeping for: 830
WARNING:tweepy.api:Rate limit reached. Sleeping for: 824
INFO:root:Tweets downloaded successfully for the date range: 2023-05-22 to 2023-05-23
INFO:root:Tweets appended to the existing CSV file.
WARNING:tweepy.api:Rate limit reached. Sleeping for: 819
